
  .   ____          _            __ _ _
 /\\ / ___'_ __ _ _(_)_ __  __ _ \ \ \ \
( ( )\___ | '_ | '_| | '_ \/ _` | \ \ \ \
 \\/  ___)| |_)| | | | | || (_| |  ) ) ) )
  '  |____| .__|_| |_|_| |_\__, | / / / /
 =========|_|==============|___/=/_/_/_/
[32m :: Spring Boot :: [39m             [2m (v2.7.12)[0;39m

[2m2025-06-25 14:31:35.813[0;39m [32m INFO[0;39m [35m63553[0;39m [2m---[0;39m [2m[           main][0;39m [36mi.d.u.b.s.p.PostingServiceApplication   [0;39m [2m:[0;39m Starting PostingServiceApplication v0.0.1-SNAPSHOT using Java 24.0.1 on hpelitebook840g5 with PID 63553 (/home/agostino/public-buildposting-service/servicies/posting-service.jar started by agostino in /home/agostino/public-buildposting-service/servicies)
[2m2025-06-25 14:31:35.823[0;39m [32m INFO[0;39m [35m63553[0;39m [2m---[0;39m [2m[           main][0;39m [36mi.d.u.b.s.p.PostingServiceApplication   [0;39m [2m:[0;39m No active profile set, falling back to 1 default profile: "default"
[2m2025-06-25 14:31:37.007[0;39m [32m INFO[0;39m [35m63553[0;39m [2m---[0;39m [2m[           main][0;39m [36mtrationDelegate$BeanPostProcessorChecker[0;39m [2m:[0;39m Bean 'postingServiceConfiguration' of type [it.disim.univaq.bpd.services.postingservice.configuration.PostingServiceConfiguration$$EnhancerBySpringCGLIB$$c2887b3d] is not eligible for getting processed by all BeanPostProcessors (for example: not eligible for auto-proxying)
[2m2025-06-25 14:31:37.009[0;39m [32m INFO[0;39m [35m63553[0;39m [2m---[0;39m [2m[           main][0;39m [36mtrationDelegate$BeanPostProcessorChecker[0;39m [2m:[0;39m Bean 'org.springframework.ws.config.annotation.DelegatingWsConfiguration' of type [org.springframework.ws.config.annotation.DelegatingWsConfiguration$$EnhancerBySpringCGLIB$$be56edc8] is not eligible for getting processed by all BeanPostProcessors (for example: not eligible for auto-proxying)
[2m2025-06-25 14:31:37.112[0;39m [32m INFO[0;39m [35m63553[0;39m [2m---[0;39m [2m[           main][0;39m [36m.w.s.a.s.AnnotationActionEndpointMapping[0;39m [2m:[0;39m Supporting [WS-Addressing August 2004, WS-Addressing 1.0]
WARNING: A restricted method in java.lang.System has been called
WARNING: java.lang.System::load has been called by org.apache.tomcat.jni.Library in an unnamed module (jar:file:/home/agostino/public-buildposting-service/servicies/posting-service.jar!/BOOT-INF/lib/tomcat-embed-core-9.0.75.jar!/)
WARNING: Use --enable-native-access=ALL-UNNAMED to avoid a warning for callers in this module
WARNING: Restricted methods will be blocked in a future release unless native access is enabled

[2m2025-06-25 14:31:37.935[0;39m [32m INFO[0;39m [35m63553[0;39m [2m---[0;39m [2m[           main][0;39m [36mo.s.b.w.embedded.tomcat.TomcatWebServer [0;39m [2m:[0;39m Tomcat initialized with port(s): 8888 (http)
[2m2025-06-25 14:31:37.971[0;39m [32m INFO[0;39m [35m63553[0;39m [2m---[0;39m [2m[           main][0;39m [36mo.apache.catalina.core.StandardService  [0;39m [2m:[0;39m Starting service [Tomcat]
[2m2025-06-25 14:31:37.974[0;39m [32m INFO[0;39m [35m63553[0;39m [2m---[0;39m [2m[           main][0;39m [36morg.apache.catalina.core.StandardEngine [0;39m [2m:[0;39m Starting Servlet engine: [Apache Tomcat/9.0.75]
[2m2025-06-25 14:31:38.186[0;39m [32m INFO[0;39m [35m63553[0;39m [2m---[0;39m [2m[           main][0;39m [36mo.a.c.c.C.[Tomcat].[localhost].[/]      [0;39m [2m:[0;39m Initializing Spring embedded WebApplicationContext
[2m2025-06-25 14:31:38.186[0;39m [32m INFO[0;39m [35m63553[0;39m [2m---[0;39m [2m[           main][0;39m [36mw.s.c.ServletWebServerApplicationContext[0;39m [2m:[0;39m Root WebApplicationContext: initialization completed in 2196 ms
[2m2025-06-25 14:31:39.216[0;39m [32m INFO[0;39m [35m63553[0;39m [2m---[0;39m [2m[           main][0;39m [36mo.s.b.w.embedded.tomcat.TomcatWebServer [0;39m [2m:[0;39m Tomcat started on port(s): 8888 (http) with context path ''
[2m2025-06-25 14:31:39.225[0;39m [32m INFO[0;39m [35m63553[0;39m [2m---[0;39m [2m[           main][0;39m [36mi.d.u.b.s.p.PostingServiceApplication   [0;39m [2m:[0;39m Started PostingServiceApplication in 4.444 seconds (JVM running for 5.029)
