
  .   ____          _            __ _ _
 /\\ / ___'_ __ _ _(_)_ __  __ _ \ \ \ \
( ( )\___ | '_ | '_| | '_ \/ _` | \ \ \ \
 \\/  ___)| |_)| | | | | || (_| |  ) ) ) )
  '  |____| .__|_| |_|_| |_\__, | / / / /
 =========|_|==============|___/=/_/_/_/
[32m :: Spring Boot :: [39m             [2m (v2.7.12)[0;39m

[2m2025-06-25 14:31:35.797[0;39m [32m INFO[0;39m [35m63551[0;39m [2m---[0;39m [2m[           main][0;39m [36mi.d.u.b.s.u.UserServiceApplication      [0;39m [2m:[0;39m Starting UserServiceApplication v0.0.1-SNAPSHOT using Java 24.0.1 on hpelitebook840g5 with PID 63551 (/home/agostino/public-buildposting-service/servicies/user-service.jar started by agostino in /home/agostino/public-buildposting-service/servicies)
[2m2025-06-25 14:31:35.806[0;39m [32m INFO[0;39m [35m63551[0;39m [2m---[0;39m [2m[           main][0;39m [36mi.d.u.b.s.u.UserServiceApplication      [0;39m [2m:[0;39m No active profile set, falling back to 1 default profile: "default"
WARNING: A restricted method in java.lang.System has been called
WARNING: java.lang.System::load has been called by org.apache.tomcat.jni.Library in an unnamed module (jar:file:/home/agostino/public-buildposting-service/servicies/user-service.jar!/BOOT-INF/lib/tomcat-embed-core-9.0.75.jar!/)
WARNING: Use --enable-native-access=ALL-UNNAMED to avoid a warning for callers in this module
WARNING: Restricted methods will be blocked in a future release unless native access is enabled

[2m2025-06-25 14:31:37.980[0;39m [32m INFO[0;39m [35m63551[0;39m [2m---[0;39m [2m[           main][0;39m [36mo.s.b.w.embedded.tomcat.TomcatWebServer [0;39m [2m:[0;39m Tomcat initialized with port(s): 9080 (http)
[2m2025-06-25 14:31:38.017[0;39m [32m INFO[0;39m [35m63551[0;39m [2m---[0;39m [2m[           main][0;39m [36mo.apache.catalina.core.StandardService  [0;39m [2m:[0;39m Starting service [Tomcat]
[2m2025-06-25 14:31:38.020[0;39m [32m INFO[0;39m [35m63551[0;39m [2m---[0;39m [2m[           main][0;39m [36morg.apache.catalina.core.StandardEngine [0;39m [2m:[0;39m Starting Servlet engine: [Apache Tomcat/9.0.75]
[2m2025-06-25 14:31:38.183[0;39m [32m INFO[0;39m [35m63551[0;39m [2m---[0;39m [2m[           main][0;39m [36mo.a.c.c.C.[Tomcat].[localhost].[/]      [0;39m [2m:[0;39m Initializing Spring embedded WebApplicationContext
[2m2025-06-25 14:31:38.184[0;39m [32m INFO[0;39m [35m63551[0;39m [2m---[0;39m [2m[           main][0;39m [36mw.s.c.ServletWebServerApplicationContext[0;39m [2m:[0;39m Root WebApplicationContext: initialization completed in 2182 ms
[2m2025-06-25 14:31:39.019[0;39m [32m INFO[0;39m [35m63551[0;39m [2m---[0;39m [2m[           main][0;39m [36mo.s.b.w.embedded.tomcat.TomcatWebServer [0;39m [2m:[0;39m Tomcat started on port(s): 9080 (http) with context path ''
[2m2025-06-25 14:31:39.034[0;39m [32m INFO[0;39m [35m63551[0;39m [2m---[0;39m [2m[           main][0;39m [36mi.d.u.b.s.u.UserServiceApplication      [0;39m [2m:[0;39m Started UserServiceApplication in 4.251 seconds (JVM running for 4.837)
[2m2025-06-25 14:31:44.882[0;39m [32m INFO[0;39m [35m63551[0;39m [2m---[0;39m [2m[nio-9080-exec-1][0;39m [36mo.a.c.c.C.[Tomcat].[localhost].[/]      [0;39m [2m:[0;39m Initializing Spring DispatcherServlet 'dispatcherServlet'
[2m2025-06-25 14:31:44.883[0;39m [32m INFO[0;39m [35m63551[0;39m [2m---[0;39m [2m[nio-9080-exec-1][0;39m [36mo.s.web.servlet.DispatcherServlet       [0;39m [2m:[0;39m Initializing Servlet 'dispatcherServlet'
[2m2025-06-25 14:31:44.884[0;39m [32m INFO[0;39m [35m63551[0;39m [2m---[0;39m [2m[nio-9080-exec-1][0;39m [36mo.s.web.servlet.DispatcherServlet       [0;39m [2m:[0;39m Completed initialization in 1 ms
